make: 进入目录“/home/siqi/siqi_ws/V-LED/driver”
make -C /lib/modules/6.17.0-35-generic/build M=/home/siqi/siqi_ws/V-LED/driver modules
make[1]: 进入目录“/usr/src/linux-headers-6.17.0-35-generic”
make  -C /home/siqi/siqi_ws/V-LED/driver \
-f /usr/src/linux-headers-6.17.0-35-generic/Makefile modules
make[2]: 进入目录“/home/siqi/siqi_ws/V-LED/driver”
make --no-print-directory -C /home/siqi/siqi_ws/V-LED/driver \
-f /usr/src/linux-headers-6.17.0-35-generic/Makefile modules
make -f /usr/src/linux-headers-6.17.0-35-generic/scripts/Makefile.build obj=. need-builtin=1 need-modorder=1 
# CC [M]  vled.o
  x86_64-linux-gnu-gcc-13 -Wp,-MMD,./.vled.o.d -nostdinc -I/usr/src/linux-headers-6.17.0-35-generic/arch/x86/include -I/usr/src/linux-headers-6.17.0-35-generic/arch/x86/include/generated -I/usr/src/linux-headers-6.17.0-35-generic/include -I/usr/src/linux-headers-6.17.0-35-generic/include -I/usr/src/linux-headers-6.17.0-35-generic/arch/x86/include/uapi -I/usr/src/linux-headers-6.17.0-35-generic/arch/x86/include/generated/uapi -I/usr/src/linux-headers-6.17.0-35-generic/include/uapi -I/usr/src/linux-headers-6.17.0-35-generic/include/generated/uapi -include /usr/src/linux-headers-6.17.0-35-generic/include/linux/compiler-version.h -include /usr/src/linux-headers-6.17.0-35-generic/include/linux/kconfig.h -I/usr/src/linux-headers-6.17.0-35-generic/ubuntu/include -include /usr/src/linux-headers-6.17.0-35-generic/include/linux/compiler_types.h -D__KERNEL__ -std=gnu11 -fshort-wchar -funsigned-char -fno-common -fno-PIE -fno-strict-aliasing -mno-sse -mno-mmx -mno-sse2 -mno-3dnow -mno-avx -mno-sse4a -fcf-protection=none -m64 -falign-jumps=1 -falign-loops=1 -mno-80387 -mno-fp-ret-in-387 -mpreferred-stack-boundary=3 -mskip-rax-setup -march=x86-64 -mtune=generic -mno-red-zone -mcmodel=kernel -mstack-protector-guard-reg=gs -mstack-protector-guard-symbol=__ref_stack_chk_guard -Wno-sign-compare -fno-asynchronous-unwind-tables -mindirect-branch=thunk-extern -mindirect-branch-register -mindirect-branch-cs-prefix -mfunction-return=thunk-extern -fno-jump-tables -mharden-sls=all -fpatchable-function-entry=16,16 -fno-delete-null-pointer-checks -O2 -fno-allow-store-data-races -fstack-protector-strong -fno-omit-frame-pointer -fno-optimize-sibling-calls -ftrivial-auto-var-init=zero -fno-stack-clash-protection -fzero-call-used-regs=used-gpr -pg -mrecord-mcount -mfentry -DCC_USING_FENTRY -falign-functions=16 -fstrict-flex-arrays=3 -fno-strict-overflow -fno-stack-check -fconserve-stack -fno-builtin-wcslen -Wall -Wextra -Wundef -Werror=implicit-function-declaration -Werror=implicit-int -Werror=return-type -Werror=strict-prototypes -Wno-format-security -Wno-trigraphs -Wno-frame-address -Wno-address-of-packed-member -Wmissing-declarations -Wmissing-prototypes -Wframe-larger-than=1024 -Wno-main -Wno-dangling-pointer -Wvla-larger-than=1 -Wno-pointer-sign -Wcast-function-type -Wno-array-bounds -Wno-stringop-overflow -Wno-alloc-size-larger-than -Wimplicit-fallthrough=5 -Werror=date-time -Werror=incompatible-pointer-types -Werror=designated-init -Wenum-conversion -Wunused -Wno-unused-but-set-variable -Wno-unused-const-variable -Wno-packed-not-aligned -Wno-format-overflow -Wno-format-truncation -Wno-stringop-truncation -Wno-override-init -Wno-missing-field-initializers -Wno-type-limits -Wno-shift-negative-value -Wno-maybe-uninitialized -Wno-sign-compare -Wno-unused-parameter -g -gdwarf-5  -fsanitize=bounds-strict -fsanitize=shift -fsanitize=bool -fsanitize=enum    -DMODULE  -DKBUILD_BASENAME='"vled"' -DKBUILD_MODNAME='"vled"' -D__KBUILD_MODNAME=kmod_vled -c -o vled.o vled.c   ; /usr/src/linux-headers-6.17.0-35-generic/tools/objtool/objtool --hacks=jump_label --hacks=noinstr --hacks=skylake --retpoline --rethunk --sls --stackval --static-call --uaccess --prefix=16 --Werror   --module vled.o
vled.c: In function ‘vled_write’:
vled.c:428:1: warning: the frame size of 1136 bytes is larger than 1024 bytes [-Wframe-larger-than=]
  428 | }
      | ^
# cmd_gen_objtooldep vled.o
   { echo ; echo 'vled.o: $(wildcard /usr/src/linux-headers-6.17.0-35-generic/tools/objtool/objtool)' ; } >> ./.vled.o.cmd
# cmd_gen_symversions_c vled.o
  if nm vled.o 2>/dev/null | grep -q ' __export_symbol_'; then  nm vled.o | sed -n 's/.* __export_symbol_\(.*\)//p' | /usr/src/linux-headers-6.17.0-35-generic/scripts/gendwarfksyms/gendwarfksyms   vled.o >> ./.vled.o.cmd; fi
# cmd_mod vled.mod
  printf '%s
'   vled.o | awk '!x[$0]++ { print("./"$0) }' > vled.mod
# cmd_gen_order modules.order
  {   echo vled.o; :; } > modules.order
sh /usr/src/linux-headers-6.17.0-35-generic/scripts/modules-check.sh modules.order
make -f /usr/src/linux-headers-6.17.0-35-generic/scripts/Makefile.modpost
# MODPOST Module.symvers
   /usr/src/linux-headers-6.17.0-35-generic/scripts/mod/modpost -M -m -b -x -a      -o Module.symvers -T modules.order -i /usr/src/linux-headers-6.17.0-35-generic/Module.symvers -e 
make -f /usr/src/linux-headers-6.17.0-35-generic/scripts/Makefile.modfinal
# CC [M]  vled.mod.o
  x86_64-linux-gnu-gcc-13 -Wp,-MMD,./.vled.mod.o.d -nostdinc -I/usr/src/linux-headers-6.17.0-35-generic/arch/x86/include -I/usr/src/linux-headers-6.17.0-35-generic/arch/x86/include/generated -I/usr/src/linux-headers-6.17.0-35-generic/include -I/usr/src/linux-headers-6.17.0-35-generic/include -I/usr/src/linux-headers-6.17.0-35-generic/arch/x86/include/uapi -I/usr/src/linux-headers-6.17.0-35-generic/arch/x86/include/generated/uapi -I/usr/src/linux-headers-6.17.0-35-generic/include/uapi -I/usr/src/linux-headers-6.17.0-35-generic/include/generated/uapi -include /usr/src/linux-headers-6.17.0-35-generic/include/linux/compiler-version.h -include /usr/src/linux-headers-6.17.0-35-generic/include/linux/kconfig.h -I/usr/src/linux-headers-6.17.0-35-generic/ubuntu/include -include /usr/src/linux-headers-6.17.0-35-generic/include/linux/compiler_types.h -D__KERNEL__ -std=gnu11 -fshort-wchar -funsigned-char -fno-common -fno-PIE -fno-strict-aliasing -mno-sse -mno-mmx -mno-sse2 -mno-3dnow -mno-avx -mno-sse4a -fcf-protection=none -m64 -falign-jumps=1 -falign-loops=1 -mno-80387 -mno-fp-ret-in-387 -mpreferred-stack-boundary=3 -mskip-rax-setup -march=x86-64 -mtune=generic -mno-red-zone -mcmodel=kernel -mstack-protector-guard-reg=gs -mstack-protector-guard-symbol=__ref_stack_chk_guard -Wno-sign-compare -fno-asynchronous-unwind-tables -mindirect-branch=thunk-extern -mindirect-branch-register -mindirect-branch-cs-prefix -mfunction-return=thunk-extern -fno-jump-tables -mharden-sls=all -fpatchable-function-entry=16,16 -fno-delete-null-pointer-checks -O2 -fno-allow-store-data-races -fstack-protector-strong -fno-omit-frame-pointer -fno-optimize-sibling-calls -ftrivial-auto-var-init=zero -fno-stack-clash-protection -fzero-call-used-regs=used-gpr -pg -mrecord-mcount -mfentry -DCC_USING_FENTRY -falign-functions=16 -fstrict-flex-arrays=3 -fno-strict-overflow -fno-stack-check -fconserve-stack -fno-builtin-wcslen -Wall -Wextra -Wundef -Werror=implicit-function-declaration -Werror=implicit-int -Werror=return-type -Werror=strict-prototypes -Wno-format-security -Wno-trigraphs -Wno-frame-address -Wno-address-of-packed-member -Wmissing-declarations -Wmissing-prototypes -Wframe-larger-than=1024 -Wno-main -Wno-dangling-pointer -Wvla-larger-than=1 -Wno-pointer-sign -Wcast-function-type -Wno-array-bounds -Wno-stringop-overflow -Wno-alloc-size-larger-than -Wimplicit-fallthrough=5 -Werror=date-time -Werror=incompatible-pointer-types -Werror=designated-init -Wenum-conversion -Wunused -Wno-unused-but-set-variable -Wno-unused-const-variable -Wno-packed-not-aligned -Wno-format-overflow -Wno-format-truncation -Wno-stringop-truncation -Wno-override-init -Wno-missing-field-initializers -Wno-type-limits -Wno-shift-negative-value -Wno-maybe-uninitialized -Wno-sign-compare -Wno-unused-parameter -g -gdwarf-5  -fsanitize=bounds-strict -fsanitize=shift -fsanitize=bool -fsanitize=enum    -DMODULE  -DKBUILD_BASENAME='"vled.mod"' -DKBUILD_MODNAME='"vled"' -D__KBUILD_MODNAME=kmod_vled -c -o vled.mod.o vled.mod.c   ; /usr/src/linux-headers-6.17.0-35-generic/tools/objtool/objtool --hacks=jump_label --hacks=noinstr --hacks=skylake --retpoline --rethunk --sls --stackval --static-call --uaccess --prefix=16 --Werror   --module vled.mod.o
# cmd_gen_objtooldep vled.mod.o
   { echo ; echo 'vled.mod.o: $(wildcard /usr/src/linux-headers-6.17.0-35-generic/tools/objtool/objtool)' ; } >> ./.vled.mod.o.cmd
# CC [M]  .module-common.o
  x86_64-linux-gnu-gcc-13 -Wp,-MMD,./..module-common.o.d -nostdinc -I/usr/src/linux-headers-6.17.0-35-generic/arch/x86/include -I/usr/src/linux-headers-6.17.0-35-generic/arch/x86/include/generated -I/usr/src/linux-headers-6.17.0-35-generic/include -I/usr/src/linux-headers-6.17.0-35-generic/include -I/usr/src/linux-headers-6.17.0-35-generic/arch/x86/include/uapi -I/usr/src/linux-headers-6.17.0-35-generic/arch/x86/include/generated/uapi -I/usr/src/linux-headers-6.17.0-35-generic/include/uapi -I/usr/src/linux-headers-6.17.0-35-generic/include/generated/uapi -include /usr/src/linux-headers-6.17.0-35-generic/include/linux/compiler-version.h -include /usr/src/linux-headers-6.17.0-35-generic/include/linux/kconfig.h -I/usr/src/linux-headers-6.17.0-35-generic/ubuntu/include -include /usr/src/linux-headers-6.17.0-35-generic/include/linux/compiler_types.h -D__KERNEL__ -std=gnu11 -fshort-wchar -funsigned-char -fno-common -fno-PIE -fno-strict-aliasing -mno-sse -mno-mmx -mno-sse2 -mno-3dnow -mno-avx -mno-sse4a -fcf-protection=none -m64 -falign-jumps=1 -falign-loops=1 -mno-80387 -mno-fp-ret-in-387 -mpreferred-stack-boundary=3 -mskip-rax-setup -march=x86-64 -mtune=generic -mno-red-zone -mcmodel=kernel -mstack-protector-guard-reg=gs -mstack-protector-guard-symbol=__ref_stack_chk_guard -Wno-sign-compare -fno-asynchronous-unwind-tables -mindirect-branch=thunk-extern -mindirect-branch-register -mindirect-branch-cs-prefix -mfunction-return=thunk-extern -fno-jump-tables -mharden-sls=all -fpatchable-function-entry=16,16 -fno-delete-null-pointer-checks -O2 -fno-allow-store-data-races -fstack-protector-strong -fno-omit-frame-pointer -fno-optimize-sibling-calls -ftrivial-auto-var-init=zero -fno-stack-clash-protection -fzero-call-used-regs=used-gpr -pg -mrecord-mcount -mfentry -DCC_USING_FENTRY -falign-functions=16 -fstrict-flex-arrays=3 -fno-strict-overflow -fno-stack-check -fconserve-stack -fno-builtin-wcslen -Wall -Wextra -Wundef -Werror=implicit-function-declaration -Werror=implicit-int -Werror=return-type -Werror=strict-prototypes -Wno-format-security -Wno-trigraphs -Wno-frame-address -Wno-address-of-packed-member -Wmissing-declarations -Wmissing-prototypes -Wframe-larger-than=1024 -Wno-main -Wno-dangling-pointer -Wvla-larger-than=1 -Wno-pointer-sign -Wcast-function-type -Wno-array-bounds -Wno-stringop-overflow -Wno-alloc-size-larger-than -Wimplicit-fallthrough=5 -Werror=date-time -Werror=incompatible-pointer-types -Werror=designated-init -Wenum-conversion -Wunused -Wno-unused-but-set-variable -Wno-unused-const-variable -Wno-packed-not-aligned -Wno-format-overflow -Wno-format-truncation -Wno-stringop-truncation -Wno-override-init -Wno-missing-field-initializers -Wno-type-limits -Wno-shift-negative-value -Wno-maybe-uninitialized -Wno-sign-compare -Wno-unused-parameter -g -gdwarf-5  -fsanitize=bounds-strict -fsanitize=shift -fsanitize=bool -fsanitize=enum    -DMODULE  -DKBUILD_BASENAME='".module_common"' -DKBUILD_MODNAME='".module_common.o"' -D__KBUILD_MODNAME=kmod_.module_common.o -c -o .module-common.o /usr/src/linux-headers-6.17.0-35-generic/scripts/module-common.c   ; /usr/src/linux-headers-6.17.0-35-generic/tools/objtool/objtool --hacks=jump_label --hacks=noinstr --hacks=skylake --retpoline --rethunk --sls --stackval --static-call --uaccess --prefix=16 --Werror   --module .module-common.o
# cmd_gen_objtooldep .module-common.o
   { echo ; echo '.module-common.o: $(wildcard /usr/src/linux-headers-6.17.0-35-generic/tools/objtool/objtool)' ; } >> ./..module-common.o.cmd
# LD [M]  vled.ko
  ld -r -m elf_x86_64 -z noexecstack --no-warn-rwx-segments --build-id=sha1  -T /usr/src/linux-headers-6.17.0-35-generic/scripts/module.lds -o vled.ko vled.o vled.mod.o .module-common.o
# BTF [M] vled.ko
  if [ ! -f /usr/src/linux-headers-6.17.0-35-generic/vmlinux ]; then printf "Skipping BTF generation for %s due to unavailability of vmlinux
" vled.ko 1>&2; else LLVM_OBJCOPY="objcopy" pahole -J --btf_gen_floats -j --skip_encoding_btf_inconsistent_proto --btf_gen_optimized --lang_exclude=rust  --btf_base /usr/src/linux-headers-6.17.0-35-generic/vmlinux vled.ko; /usr/src/linux-headers-6.17.0-35-generic/tools/bpf/resolve_btfids/resolve_btfids -b /usr/src/linux-headers-6.17.0-35-generic/vmlinux vled.ko; fi;
Skipping BTF generation for vled.ko due to unavailability of vmlinux
make[2]: 离开目录“/home/siqi/siqi_ws/V-LED/driver”
make[1]: 离开目录“/usr/src/linux-headers-6.17.0-35-generic”
make: 离开目录“/home/siqi/siqi_ws/V-LED/driver”
